<?xml version="1.0" encoding="UTF-8" ?>
<testsuite failures="0" time="0.394" errors="1" skipped="0" tests="1" name="org.osaf.caldav4j.CalDAVCollectionAceTest">
  <properties>
[...]
</properties>
  <testcase time="0.388" classname="org.osaf.caldav4j.CalDAVCollectionAceTest" name="testGetOptions">
    <error message="sun.security.validator.ValidatorException: PKIX path validation failed: java.security.cert.CertPathValidatorException: timestamp check failed" type="javax.net.ssl.SSLHandshakeException">javax.net.ssl.SSLHandshakeException: sun.security.validator.ValidatorException: PKIX path validation failed: java.security.cert.CertPathValidatorException: timestamp check failed
	at com.sun.net.ssl.internal.ssl.Alerts.getSSLException(Alerts.java:174)
	at com.sun.net.ssl.internal.ssl.SSLSocketImpl.fatal(SSLSocketImpl.java:1747)
	at com.sun.net.ssl.internal.ssl.Handshaker.fatalSE(Handshaker.java:241)
	at com.sun.net.ssl.internal.ssl.Handshaker.fatalSE(Handshaker.java:235)
	at com.sun.net.ssl.internal.ssl.ClientHandshaker.serverCertificate(ClientHandshaker.java:1209)
	at com.sun.net.ssl.internal.ssl.ClientHandshaker.processMessage(ClientHandshaker.java:135)
	at com.sun.net.ssl.internal.ssl.Handshaker.processLoop(Handshaker.java:593)
	at com.sun.net.ssl.internal.ssl.Handshaker.process_record(Handshaker.java:529)
	at com.sun.net.ssl.internal.ssl.SSLSocketImpl.readRecord(SSLSocketImpl.java:943)
	at com.sun.net.ssl.internal.ssl.SSLSocketImpl.performInitialHandshake(SSLSocketImpl.java:1188)
	at com.sun.net.ssl.internal.ssl.SSLSocketImpl.writeRecord(SSLSocketImpl.java:654)
	at com.sun.net.ssl.internal.ssl.AppOutputStream.write(AppOutputStream.java:100)
	at java.io.BufferedOutputStream.flushBuffer(BufferedOutputStream.java:65)
	at java.io.BufferedOutputStream.flush(BufferedOutputStream.java:123)
	at org.apache.commons.httpclient.HttpConnection.flushRequestOutputStream(HttpConnection.java:828)
	at org.apache.commons.httpclient.HttpMethodBase.writeRequest(HttpMethodBase.java:2116)
	at org.apache.commons.httpclient.HttpMethodBase.execute(HttpMethodBase.java:1096)
	at org.apache.commons.httpclient.HttpMethodDirector.executeWithRetry(HttpMethodDirector.java:398)
	at org.apache.commons.httpclient.HttpMethodDirector.executeMethod(HttpMethodDirector.java:171)
	at org.apache.commons.httpclient.HttpClient.executeMethod(HttpClient.java:397)
	at org.osaf.caldav4j.methods.HttpClient.executeMethod(HttpClient.java:103)
	at org.apache.commons.httpclient.HttpClient.executeMethod(HttpClient.java:323)
	at org.osaf.caldav4j.support.HttpClientTestUtils.executeMethod(HttpClientTestUtils.java:86)
	at org.osaf.caldav4j.functional.support.CalDavFixture.executeMethod(CalDavFixture.java:171)
	at org.osaf.caldav4j.functional.support.CalDavFixture.executeMethod(CalDavFixture.java:160)
	at org.osaf.caldav4j.functional.support.CalDavFixture.makeCalendar(CalDavFixture.java:126)
	at org.osaf.caldav4j.functional.support.CalDavFixture.setUp(CalDavFixture.java:99)
	at org.osaf.caldav4j.functional.support.CalDavFixture.setUp(CalDavFixture.java:85)
	at org.osaf.caldav4j.BaseTestCase.setUp(BaseTestCase.java:54)
	at org.osaf.caldav4j.CalDAVCollectionAceTest.setUp(CalDAVCollectionAceTest.java:48)
	at sun.reflect.NativeMethodAccessorImpl.invoke0(Native Method)
	at sun.reflect.NativeMethodAccessorImpl.invoke(NativeMethodAccessorImpl.java:39)
	at sun.reflect.DelegatingMethodAccessorImpl.invoke(DelegatingMethodAccessorImpl.java:25)
	at java.lang.reflect.Method.invoke(Method.java:597)
	at org.junit.internal.runners.MethodRoadie.runBefores(MethodRoadie.java:122)
	at org.junit.internal.runners.MethodRoadie.runBeforesThenTestThenAfters(MethodRoadie.java:86)
	at org.junit.internal.runners.MethodRoadie.runTest(MethodRoadie.java:77)
	at org.junit.internal.runners.MethodRoadie.run(MethodRoadie.java:42)
	at org.junit.internal.runners.JUnit4ClassRunner.invokeTestMethod(JUnit4ClassRunner.java:88)
	at org.junit.internal.runners.JUnit4ClassRunner.runMethods(JUnit4ClassRunner.java:51)
	at org.junit.internal.runners.JUnit4ClassRunner$1.run(JUnit4ClassRunner.java:44)
	at org.junit.internal.runners.ClassRoadie.runUnprotected(ClassRoadie.java:27)
	at org.junit.internal.runners.ClassRoadie.runProtected(ClassRoadie.java:37)
	at org.junit.internal.runners.JUnit4ClassRunner.run(JUnit4ClassRunner.java:42)
	at org.apache.maven.surefire.junit4.JUnit4TestSet.execute(JUnit4TestSet.java:35)
	at org.apache.maven.surefire.junit4.JUnit4Provider.executeTestSet(JUnit4Provider.java:115)
	at org.apache.maven.surefire.junit4.JUnit4Provider.invoke(JUnit4Provider.java:97)
	at sun.reflect.NativeMethodAccessorImpl.invoke0(Native Method)
	at sun.reflect.NativeMethodAccessorImpl.invoke(NativeMethodAccessorImpl.java:39)
	at sun.reflect.DelegatingMethodAccessorImpl.invoke(DelegatingMethodAccessorImpl.java:25)
	at java.lang.reflect.Method.invoke(Method.java:597)
	at org.apache.maven.surefire.booter.ProviderFactory$ClassLoaderProxy.invoke(ProviderFactory.java:103)
	at com.sun.proxy.$Proxy0.invoke(Unknown Source)
	at org.apache.maven.surefire.booter.SurefireStarter.invokeProvider(SurefireStarter.java:150)
	at org.apache.maven.surefire.booter.SurefireStarter.runSuitesInProcess(SurefireStarter.java:91)
	at org.apache.maven.surefire.booter.ForkedBooter.main(ForkedBooter.java:69)
Caused by: sun.security.validator.ValidatorException: PKIX path validation failed: java.security.cert.CertPathValidatorException: timestamp check failed
	at sun.security.validator.PKIXValidator.doValidate(PKIXValidator.java:289)
	at sun.security.validator.PKIXValidator.doValidate(PKIXValidator.java:263)
	at sun.security.validator.PKIXValidator.engineValidate(PKIXValidator.java:184)
	at sun.security.validator.Validator.validate(Validator.java:218)
	at com.sun.net.ssl.internal.ssl.X509TrustManagerImpl.validate(X509TrustManagerImpl.java:126)
	at com.sun.net.ssl.internal.ssl.X509TrustManagerImpl.checkServerTrusted(X509TrustManagerImpl.java:209)
	at com.sun.net.ssl.internal.ssl.X509TrustManagerImpl.checkServerTrusted(X509TrustManagerImpl.java:249)
	at com.sun.net.ssl.internal.ssl.ClientHandshaker.serverCertificate(ClientHandshaker.java:1188)
	... 51 more
Caused by: java.security.cert.CertPathValidatorException: timestamp check failed
	at sun.security.provider.certpath.PKIXMasterCertPathValidator.validate(PKIXMasterCertPathValidator.java:139)
	at sun.security.provider.certpath.PKIXCertPathValidator.doValidate(PKIXCertPathValidator.java:330)
	at sun.security.provider.certpath.PKIXCertPathValidator.engineValidate(PKIXCertPathValidator.java:178)
	at java.security.cert.CertPathValidator.validate(CertPathValidator.java:250)
	at sun.security.validator.PKIXValidator.doValidate(PKIXValidator.java:275)
	... 58 more
Caused by: java.security.cert.CertificateExpiredException: NotAfter: Fri May 09 01:59:59 CEST 2014
	at sun.security.x509.CertificateValidity.valid(CertificateValidity.java:256)
	at sun.security.x509.X509CertImpl.checkValidity(X509CertImpl.java:568)
	at sun.security.provider.certpath.BasicChecker.verifyTimestamp(BasicChecker.java:157)
	at sun.security.provider.certpath.BasicChecker.check(BasicChecker.java:109)
	at sun.security.provider.certpath.PKIXMasterCertPathValidator.validate(PKIXMasterCertPathValidator.java:117)
	... 62 more
</error>
    <system-out>@SLTests run: 7, Failures: 0, Errors: 6, Skipped: 1, Time elapsed: 2.51 sec &lt;&lt;&lt; FAILURE!
@SLRunning org.osaf.caldav4j.CalDAVCollectionAceTest
</system-out>
  </testcase>
</testsuite>