<?xml version="1.0" encoding="UTF-8" ?>
<testsuite failures="1" time="0.396" errors="0" skipped="1" tests="2" name="org.osaf.caldav4j.google.methods.GooglePutGetTest">
  <properties>
[...]
</properties>
  <testcase time="0.399" classname="org.osaf.caldav4j.google.methods.GooglePutGetTest" name="testAddRemoveRecurringCalendarResource">
    <skipped/>
  </testcase>
  <testcase time="0.39" classname="org.osaf.caldav4j.google.methods.GooglePutGetTest" name="testAddRemoveCalendarResource">
    <failure message="Response status expected:&lt;201&gt; but was:&lt;404&gt;" type="java.lang.AssertionError">java.lang.AssertionError: Response status expected:&lt;201&gt; but was:&lt;404&gt;
	at org.junit.Assert.fail(Assert.java:74)
	at org.junit.Assert.failNotEquals(Assert.java:448)
	at org.junit.Assert.assertEquals(Assert.java:102)
	at org.junit.Assert.assertEquals(Assert.java:323)
	at org.osaf.caldav4j.support.HttpClientTestUtils.executeMethod(HttpClientTestUtils.java:87)
	at org.osaf.caldav4j.functional.support.CalDavFixture.executeMethod(CalDavFixture.java:171)
	at org.osaf.caldav4j.functional.support.CalDavFixture.executeMethod(CalDavFixture.java:160)
	at org.osaf.caldav4j.functional.support.CalDavFixture.makeCalendar(CalDavFixture.java:126)
	at org.osaf.caldav4j.functional.support.CalDavFixture.setUp(CalDavFixture.java:99)
	at org.osaf.caldav4j.functional.support.CalDavFixture.setUp(CalDavFixture.java:85)
	at org.osaf.caldav4j.BaseTestCase.setUp(BaseTestCase.java:54)
	at org.osaf.caldav4j.google.methods.GooglePutGetTest.setUp(GooglePutGetTest.java:48)
	at sun.reflect.NativeMethodAccessorImpl.invoke0(Native Method)
	at sun.reflect.NativeMethodAccessorImpl.invoke(NativeMethodAccessorImpl.java:39)
	at sun.reflect.DelegatingMethodAccessorImpl.invoke(DelegatingMethodAccessorImpl.java:25)
	at java.lang.reflect.Method.invoke(Method.java:597)
	at org.junit.internal.runners.MethodRoadie.runBefores(MethodRoadie.java:122)
	at org.junit.internal.runners.MethodRoadie.runBeforesThenTestThenAfters(MethodRoadie.java:86)
	at org.junit.internal.runners.MethodRoadie.runTest(MethodRoadie.java:77)
	at org.junit.internal.runners.MethodRoadie.run(MethodRoadie.java:42)
	at org.junit.internal.runners.JUnit4ClassRunner.invokeTestMethod(JUnit4ClassRunner.java:88)
	at org.junit.internal.runners.JUnit4ClassRunner.runMethods(JUnit4ClassRunner.java:51)
	at org.junit.internal.runners.JUnit4ClassRunner$1.run(JUnit4ClassRunner.java:44)
	at org.junit.internal.runners.ClassRoadie.runUnprotected(ClassRoadie.java:27)
	at org.junit.internal.runners.ClassRoadie.runProtected(ClassRoadie.java:37)
	at org.junit.internal.runners.JUnit4ClassRunner.run(JUnit4ClassRunner.java:42)
	at org.apache.maven.surefire.junit4.JUnit4TestSet.execute(JUnit4TestSet.java:35)
	at org.apache.maven.surefire.junit4.JUnit4Provider.executeTestSet(JUnit4Provider.java:115)
	at org.apache.maven.surefire.junit4.JUnit4Provider.invoke(JUnit4Provider.java:97)
	at sun.reflect.NativeMethodAccessorImpl.invoke0(Native Method)
	at sun.reflect.NativeMethodAccessorImpl.invoke(NativeMethodAccessorImpl.java:39)
	at sun.reflect.DelegatingMethodAccessorImpl.invoke(DelegatingMethodAccessorImpl.java:25)
	at java.lang.reflect.Method.invoke(Method.java:597)
	at org.apache.maven.surefire.booter.ProviderFactory$ClassLoaderProxy.invoke(ProviderFactory.java:103)
	at com.sun.proxy.$Proxy0.invoke(Unknown Source)
	at org.apache.maven.surefire.booter.SurefireStarter.invokeProvider(SurefireStarter.java:150)
	at org.apache.maven.surefire.booter.SurefireStarter.runSuitesInProcess(SurefireStarter.java:91)
	at org.apache.maven.surefire.booter.ForkedBooter.main(ForkedBooter.java:69)
</failure>
  </testcase>
</testsuite>